TN:
SF:C:\Users\USER\Documents\My Files\Programming\Web\Project\Book A Meal\server\utils\authenticator.js
FN:21,getUser
FN:26,createToken
FN:32,(anonymous_2)
FN:38,changePassword
FN:44,verify
FN:59,exists
FN:69,processRequest
FN:70,(anonymous_7)
FNF:8
FNH:8
FNDA:2,getUser
FNDA:4,createToken
FNDA:4,(anonymous_2)
FNDA:2,changePassword
FNDA:2,verify
FNDA:3,exists
FNDA:3,processRequest
FNDA:1,(anonymous_7)
DA:1,1
DA:2,1
DA:3,1
DA:11,1
DA:22,2
DA:23,1
DA:27,4
DA:28,4
DA:30,2
DA:32,4
DA:33,4
DA:39,2
DA:40,2
DA:45,2
DA:47,1
DA:48,1
DA:49,1
DA:50,1
DA:53,0
DA:60,3
DA:61,2
DA:62,1
DA:63,1
DA:64,1
DA:67,1
DA:70,3
DA:71,1
DA:72,1
DA:75,0
DA:76,0
DA:78,0
DA:84,1
LF:32
LH:28
BRDA:22,0,0,1
BRDA:22,0,1,1
BRDA:23,1,0,1
BRDA:23,1,1,0
BRDA:28,2,0,2
BRDA:28,2,1,2
BRDA:39,3,0,0
BRDA:39,3,1,2
BRDA:40,4,0,2
BRDA:40,4,1,0
BRDA:47,5,0,1
BRDA:47,5,1,0
BRDA:60,6,0,2
BRDA:60,6,1,1
BRDA:61,7,0,1
BRDA:61,7,1,1
BRDA:61,8,0,2
BRDA:61,8,1,1
BRDA:63,9,0,1
BRDA:63,9,1,0
BRDA:63,10,0,1
BRDA:63,10,1,1
BRDA:71,11,0,1
BRDA:71,11,1,0
BRDA:75,12,0,0
BRDA:75,12,1,0
BRDA:75,13,0,0
BRDA:75,13,1,0
BRF:28
BRH:18
end_of_record
TN:
SF:C:\Users\USER\Documents\My Files\Programming\Web\Project\Book A Meal\server\utils\meal-manager.js
FN:11,getAllMeals
FN:15,getMealByName
FN:18,(anonymous_2)
FN:22,createMeal
FN:37,updateMeal
FN:45,removeMeal
FN:49,getMeal
FN:53,getNumberOfMeals
FN:58,createTodayMenu
FN:65,setMenuHelper
FN:67,(anonymous_10)
FN:68,(anonymous_11)
FN:69,(anonymous_12)
FN:78,updateTodayMenu
FN:84,getTodayMenu
FN:89,makeOrder
FN:106,mealsIdToMealObj
FN:111,(anonymous_17)
FN:112,(anonymous_18)
FN:113,(anonymous_19)
FN:118,modifyOrder
FN:129,getTodayOrderById
FN:133,getOrders
FN:137,getAllOrders
FN:140,(anonymous_24)
FN:142,(anonymous_25)
FN:146,getOrderByDate
FN:149,(anonymous_27)
FNF:28
FNH:16
FNDA:1,getAllMeals
FNDA:2,getMealByName
FNDA:3,(anonymous_2)
FNDA:3,createMeal
FNDA:2,updateMeal
FNDA:3,removeMeal
FNDA:2,getMeal
FNDA:1,getNumberOfMeals
FNDA:1,createTodayMenu
FNDA:3,setMenuHelper
FNDA:2,(anonymous_10)
FNDA:2,(anonymous_11)
FNDA:2,(anonymous_12)
FNDA:2,updateTodayMenu
FNDA:2,getTodayMenu
FNDA:0,makeOrder
FNDA:0,mealsIdToMealObj
FNDA:0,(anonymous_17)
FNDA:0,(anonymous_18)
FNDA:0,(anonymous_19)
FNDA:0,modifyOrder
FNDA:0,getTodayOrderById
FNDA:0,getOrders
FNDA:0,getAllOrders
FNDA:0,(anonymous_24)
FNDA:0,(anonymous_25)
FNDA:1,getOrderByDate
FNDA:0,(anonymous_27)
DA:1,1
DA:12,1
DA:17,2
DA:18,3
DA:19,2
DA:23,3
DA:24,2
DA:25,2
DA:30,2
DA:31,2
DA:33,1
DA:38,2
DA:39,1
DA:40,1
DA:41,1
DA:46,3
DA:50,2
DA:54,1
DA:59,1
DA:60,1
DA:61,1
DA:66,3
DA:67,3
DA:68,2
DA:69,2
DA:70,2
DA:71,2
DA:74,2
DA:75,2
DA:79,2
DA:80,2
DA:81,2
DA:85,2
DA:90,0
DA:91,0
DA:92,0
DA:93,0
DA:94,0
DA:100,0
DA:101,0
DA:102,0
DA:107,0
DA:108,0
DA:109,0
DA:110,0
DA:111,0
DA:112,0
DA:113,0
DA:114,0
DA:119,0
DA:120,0
DA:121,0
DA:122,0
DA:123,0
DA:124,0
DA:125,0
DA:130,0
DA:131,0
DA:134,0
DA:135,0
DA:139,0
DA:140,0
DA:141,0
DA:142,0
DA:144,0
DA:147,1
DA:148,0
DA:149,0
DA:151,0
DA:155,1
LF:70
LH:35
BRDA:23,0,0,2
BRDA:23,0,1,1
BRDA:23,1,0,3
BRDA:23,1,1,3
BRDA:38,2,0,1
BRDA:38,2,1,1
BRDA:46,3,0,2
BRDA:46,3,1,1
BRDA:60,4,0,1
BRDA:60,4,1,0
BRDA:70,5,0,2
BRDA:70,5,1,0
BRDA:80,6,0,2
BRDA:80,6,1,0
BRDA:92,7,0,0
BRDA:92,7,1,0
BRDA:100,8,0,0
BRDA:100,8,1,0
BRDA:109,9,0,0
BRDA:109,9,1,0
BRDA:121,10,0,0
BRDA:121,10,1,0
BRDA:121,11,0,0
BRDA:121,11,1,0
BRDA:131,12,0,0
BRDA:131,12,1,0
BRDA:133,13,0,0
BRDA:135,14,0,0
BRDA:135,14,1,0
BRDA:141,15,0,0
BRDA:141,15,1,0
BRDA:148,16,0,0
BRDA:148,16,1,0
BRF:33
BRH:11
end_of_record
