TN:
SF:C:\Users\USER\Documents\My Files\Programming\Web\Project\Book A Meal\server\utils\meal-manager.js
FN:11,getAllMeals
FN:15,getMealByName
FN:18,(anonymous_2)
FN:22,createMeal
FN:37,getMeal
FN:41,updateMeal
FN:49,removeMeal
FN:53,getMeal
FN:57,getNumberOfMeals
FN:62,createTodayMenu
FN:69,setMenuHelper
FN:71,(anonymous_11)
FN:72,(anonymous_12)
FN:73,(anonymous_13)
FN:82,updateTodayMenu
FN:88,getTodayMenu
FN:93,makeOrder
FN:110,mealsIdToMealObj
FN:115,(anonymous_18)
FN:116,(anonymous_19)
FN:117,(anonymous_20)
FN:122,modifyOrder
FN:133,getTodayOrderById
FN:137,getOrders
FN:141,getAllOrders
FN:144,(anonymous_25)
FN:146,(anonymous_26)
FN:150,getOrderByDate
FN:153,(anonymous_28)
FNF:29
FNH:8
FNDA:1,getAllMeals
FNDA:2,getMealByName
FNDA:2,(anonymous_2)
FNDA:2,createMeal
FNDA:0,getMeal
FNDA:1,updateMeal
FNDA:1,removeMeal
FNDA:0,getMeal
FNDA:0,getNumberOfMeals
FNDA:0,createTodayMenu
FNDA:0,setMenuHelper
FNDA:0,(anonymous_11)
FNDA:0,(anonymous_12)
FNDA:0,(anonymous_13)
FNDA:0,updateTodayMenu
FNDA:0,getTodayMenu
FNDA:3,makeOrder
FNDA:3,mealsIdToMealObj
FNDA:0,(anonymous_18)
FNDA:0,(anonymous_19)
FNDA:0,(anonymous_20)
FNDA:0,modifyOrder
FNDA:0,getTodayOrderById
FNDA:0,getOrders
FNDA:0,getAllOrders
FNDA:0,(anonymous_25)
FNDA:0,(anonymous_26)
FNDA:0,getOrderByDate
FNDA:0,(anonymous_28)
DA:1,1
DA:12,1
DA:17,2
DA:18,2
DA:19,2
DA:23,2
DA:24,1
DA:25,1
DA:30,1
DA:31,1
DA:33,1
DA:38,0
DA:42,1
DA:43,0
DA:44,0
DA:45,0
DA:50,1
DA:54,0
DA:58,0
DA:63,0
DA:64,0
DA:65,0
DA:70,0
DA:71,0
DA:72,0
DA:73,0
DA:74,0
DA:75,0
DA:78,0
DA:79,0
DA:83,0
DA:84,0
DA:85,0
DA:89,0
DA:94,3
DA:95,3
DA:96,3
DA:97,0
DA:98,0
DA:104,0
DA:105,0
DA:106,0
DA:111,3
DA:112,3
DA:113,3
DA:114,0
DA:115,0
DA:116,0
DA:117,0
DA:118,0
DA:123,0
DA:124,0
DA:125,0
DA:126,0
DA:127,0
DA:128,0
DA:129,0
DA:134,0
DA:135,0
DA:138,0
DA:139,0
DA:143,0
DA:144,0
DA:145,0
DA:146,0
DA:148,0
DA:151,0
DA:152,0
DA:153,0
DA:155,0
DA:159,1
LF:71
LH:20
BRDA:23,0,0,1
BRDA:23,0,1,1
BRDA:23,1,0,2
BRDA:23,1,1,2
BRDA:42,2,0,0
BRDA:42,2,1,1
BRDA:50,3,0,0
BRDA:50,3,1,1
BRDA:64,4,0,0
BRDA:64,4,1,0
BRDA:74,5,0,0
BRDA:74,5,1,0
BRDA:84,6,0,0
BRDA:84,6,1,0
BRDA:96,7,0,0
BRDA:96,7,1,0
BRDA:104,8,0,0
BRDA:104,8,1,0
BRDA:113,9,0,0
BRDA:113,9,1,3
BRDA:125,10,0,0
BRDA:125,10,1,0
BRDA:125,11,0,0
BRDA:125,11,1,0
BRDA:135,12,0,0
BRDA:135,12,1,0
BRDA:137,13,0,0
BRDA:139,14,0,0
BRDA:139,14,1,0
BRDA:145,15,0,0
BRDA:145,15,1,0
BRDA:152,16,0,0
BRDA:152,16,1,0
BRF:33
BRH:7
end_of_record
